{"/Users/nasir/Documents/sample/Tutorial/src/redux/app/user/action.ts": {"path":"/Users/nasir/Documents/sample/Tutorial/src/redux/app/user/action.ts","statementMap":{"0":{"start":{"line":5,"column":29},"end":{"line":5,"column":44}},"1":{"start":{"line":6,"column":31},"end":{"line":6,"column":48}},"2":{"start":{"line":18,"column":32},"end":{"line":25,"column":1}},"3":{"start":{"line":21,"column":4},"end":{"line":24,"column":6}},"4":{"start":{"line":27,"column":33},"end":{"line":34,"column":1}},"5":{"start":{"line":30,"column":4},"end":{"line":33,"column":6}}},"fnMap":{"0":{"name":"(anonymous_0)","decl":{"start":{"line":18,"column":32},"end":{"line":18,"column":33}},"loc":{"start":{"line":20,"column":31},"end":{"line":25,"column":1}},"line":20},"1":{"name":"(anonymous_1)","decl":{"start":{"line":27,"column":33},"end":{"line":27,"column":34}},"loc":{"start":{"line":29,"column":33},"end":{"line":34,"column":1}},"line":29}},"branchMap":{},"s":{"0":1,"1":1,"2":1,"3":0,"4":1,"5":0},"f":{"0":0,"1":0},"b":{},"_coverageSchema":"1a1c01bbd47fc00a2c39e90264f33305004495a9","hash":"e23dcbdf73bc7d22959f71691eaae4a0370a3c87"}
,"/Users/nasir/Documents/sample/Tutorial/src/redux/app/user/userReducer.tsx": {"path":"/Users/nasir/Documents/sample/Tutorial/src/redux/app/user/userReducer.tsx","statementMap":{"0":{"start":{"line":4,"column":21},"end":{"line":6,"column":1}},"1":{"start":{"line":8,"column":20},"end":{"line":24,"column":1}},"2":{"start":{"line":9,"column":30},"end":{"line":9,"column":36}},"3":{"start":{"line":10,"column":4},"end":{"line":23,"column":5}},"4":{"start":{"line":12,"column":12},"end":{"line":15,"column":14}},"5":{"start":{"line":17,"column":12},"end":{"line":20,"column":14}},"6":{"start":{"line":22,"column":12},"end":{"line":22,"column":25}}},"fnMap":{"0":{"name":"(anonymous_0)","decl":{"start":{"line":8,"column":20},"end":{"line":8,"column":21}},"loc":{"start":{"line":8,"column":72},"end":{"line":24,"column":1}},"line":8}},"branchMap":{"0":{"loc":{"start":{"line":8,"column":21},"end":{"line":8,"column":46}},"type":"default-arg","locations":[{"start":{"line":8,"column":34},"end":{"line":8,"column":46}}],"line":8},"1":{"loc":{"start":{"line":10,"column":4},"end":{"line":23,"column":5}},"type":"switch","locations":[{"start":{"line":11,"column":8},"end":{"line":15,"column":14}},{"start":{"line":16,"column":8},"end":{"line":20,"column":14}},{"start":{"line":21,"column":8},"end":{"line":22,"column":25}}],"line":10}},"s":{"0":1,"1":1,"2":3,"3":3,"4":0,"5":0,"6":3},"f":{"0":3},"b":{"0":[3],"1":[0,0,3]},"_coverageSchema":"1a1c01bbd47fc00a2c39e90264f33305004495a9","hash":"f835b981bf8675e00499126bd995068236f8aeb8"}
,"/Users/nasir/Documents/sample/Tutorial/src/redux/reducer/index.tsx": {"path":"/Users/nasir/Documents/sample/Tutorial/src/redux/reducer/index.tsx","statementMap":{"0":{"start":{"line":3,"column":39},"end":{"line":3,"column":71}}},"fnMap":{},"branchMap":{},"s":{"0":1},"f":{},"b":{},"_coverageSchema":"1a1c01bbd47fc00a2c39e90264f33305004495a9","hash":"76aa22b20095e92c480b30bd749ded56bc62b119"}
,"/Users/nasir/Documents/sample/Tutorial/src/redux/saga/index.tsx": {"path":"/Users/nasir/Documents/sample/Tutorial/src/redux/saga/index.tsx","statementMap":{"0":{"start":{"line":4,"column":4},"end":{"line":4,"column":18}}},"fnMap":{"0":{"name":"rootSaga","decl":{"start":{"line":3,"column":25},"end":{"line":3,"column":33}},"loc":{"start":{"line":3,"column":36},"end":{"line":5,"column":1}},"line":3}},"branchMap":{},"s":{"0":1},"f":{"0":1},"b":{},"_coverageSchema":"1a1c01bbd47fc00a2c39e90264f33305004495a9","hash":"916d7ab341f47a9cdf94d2535060cb30d0420c25"}
,"/Users/nasir/Documents/sample/Tutorial/src/redux/store/index.tsx": {"path":"/Users/nasir/Documents/sample/Tutorial/src/redux/store/index.tsx","statementMap":{"0":{"start":{"line":6,"column":23},"end":{"line":6,"column":45}},"1":{"start":{"line":8,"column":14},"end":{"line":8,"column":67}},"2":{"start":{"line":10,"column":0},"end":{"line":10,"column":26}}},"fnMap":{},"branchMap":{},"s":{"0":1,"1":1,"2":1},"f":{},"b":{},"_coverageSchema":"1a1c01bbd47fc00a2c39e90264f33305004495a9","hash":"16f4904f75a72fb63dc4189e60a30f2625f5e598"}
}
