TN:
SF:src/redux/app/user/action.ts
FN:18,(anonymous_0)
FN:27,(anonymous_1)
FNF:2
FNH:0
FNDA:0,(anonymous_0)
FNDA:0,(anonymous_1)
DA:5,1
DA:6,1
DA:18,1
DA:21,0
DA:27,1
DA:30,0
LF:6
LH:4
BRF:0
BRH:0
end_of_record
TN:
SF:src/redux/app/user/userReducer.tsx
FN:8,(anonymous_0)
FNF:1
FNH:1
FNDA:3,(anonymous_0)
DA:4,1
DA:8,1
DA:9,3
DA:10,3
DA:12,0
DA:17,0
DA:22,3
LF:7
LH:5
BRDA:8,0,0,3
BRDA:10,1,0,0
BRDA:10,1,1,0
BRDA:10,1,2,3
BRF:4
BRH:2
end_of_record
TN:
SF:src/redux/reducer/index.tsx
FNF:0
FNH:0
DA:3,1
LF:1
LH:1
BRF:0
BRH:0
end_of_record
TN:
SF:src/redux/saga/index.tsx
FN:3,rootSaga
FNF:1
FNH:1
FNDA:1,rootSaga
DA:4,1
LF:1
LH:1
BRF:0
BRH:0
end_of_record
TN:
SF:src/redux/store/index.tsx
FNF:0
FNH:0
DA:6,1
DA:8,1
DA:10,1
LF:3
LH:3
BRF:0
BRH:0
end_of_record
